{"numFailedTestSuites":1,"numFailedTests":5,"numPassedTestSuites":0,"numPassedTests":1,"numPendingTestSuites":0,"numPendingTests":0,"numRuntimeErrorTestSuites":0,"numTodoTests":0,"numTotalTestSuites":1,"numTotalTests":6,"openHandles":[],"snapshot":{"added":0,"didUpdate":false,"failure":false,"filesAdded":0,"filesRemoved":0,"filesRemovedList":[],"filesUnmatched":0,"filesUpdated":0,"matched":0,"total":0,"unchecked":0,"uncheckedKeysByFile":[],"unmatched":0,"updated":0},"startTime":1733901485876,"success":false,"testResults":[{"assertionResults":[{"ancestorTitles":["App Component"],"failureMessages":["Error: expect(received).toBe(expected) // Object.is equality\n\nExpected: \"App Component\"\nReceived: \"\"\n    at Object.<anonymous> (/Users/raviranjan/Documents/agents/testing-react-apps/src/test/test/index.baserock.test.baserock.test.js:54:30)\n    at Promise.then.completed (/Users/raviranjan/Documents/agents/testing-react-apps/node_modules/jest-circus/build/utils.js:391:28)\n    at new Promise (<anonymous>)\n    at callAsyncCircusFn (/Users/raviranjan/Documents/agents/testing-react-apps/node_modules/jest-circus/build/utils.js:316:10)\n    at _callCircusTest (/Users/raviranjan/Documents/agents/testing-react-apps/node_modules/jest-circus/build/run.js:218:40)\n    at _runTest (/Users/raviranjan/Documents/agents/testing-react-apps/node_modules/jest-circus/build/run.js:155:3)\n    at _runTestsForDescribeBlock (/Users/raviranjan/Documents/agents/testing-react-apps/node_modules/jest-circus/build/run.js:66:9)\n    at _runTestsForDescribeBlock (/Users/raviranjan/Documents/agents/testing-react-apps/node_modules/jest-circus/build/run.js:60:9)\n    at run (/Users/raviranjan/Documents/agents/testing-react-apps/node_modules/jest-circus/build/run.js:25:3)\n    at runAndTransformResultsToJestFormat (/Users/raviranjan/Documents/agents/testing-react-apps/node_modules/jest-circus/build/legacy-code-todo-rewrite/jestAdapterInit.js:170:21)\n    at jestAdapter (/Users/raviranjan/Documents/agents/testing-react-apps/node_modules/jest-circus/build/legacy-code-todo-rewrite/jestAdapter.js:82:19)\n    at runTestInternal (/Users/raviranjan/Documents/agents/testing-react-apps/node_modules/jest-runner/build/runTest.js:389:16)\n    at runTest (/Users/raviranjan/Documents/agents/testing-react-apps/node_modules/jest-runner/build/runTest.js:475:34)\n    at TestRunner.runTests (/Users/raviranjan/Documents/agents/testing-react-apps/node_modules/jest-runner/build/index.js:101:12)\n    at TestScheduler.scheduleTests (/Users/raviranjan/Documents/agents/testing-react-apps/node_modules/@jest/core/build/TestScheduler.js:333:13)\n    at runJest (/Users/raviranjan/Documents/agents/testing-react-apps/node_modules/@jest/core/build/runJest.js:404:19)\n    at _run10000 (/Users/raviranjan/Documents/agents/testing-react-apps/node_modules/@jest/core/build/cli/index.js:320:7)\n    at runCLI (/Users/raviranjan/Documents/agents/testing-react-apps/node_modules/@jest/core/build/cli/index.js:173:3)\n    at Object.run (/Users/raviranjan/Documents/agents/testing-react-apps/node_modules/jest-cli/build/cli/index.js:155:37)"],"fullName":"App Component renders DefaultComponent when pathname is \"/\"","location":null,"status":"failed","title":"renders DefaultComponent when pathname is \"/\""},{"ancestorTitles":["App Component"],"failureMessages":["Error: expect(received).toBe(expected) // Object.is equality\n\nExpected: \"App Component\"\nReceived: \"\"\n    at Object.<anonymous> (/Users/raviranjan/Documents/agents/testing-react-apps/src/test/test/index.baserock.test.baserock.test.js:62:30)\n    at Promise.then.completed (/Users/raviranjan/Documents/agents/testing-react-apps/node_modules/jest-circus/build/utils.js:391:28)\n    at new Promise (<anonymous>)\n    at callAsyncCircusFn (/Users/raviranjan/Documents/agents/testing-react-apps/node_modules/jest-circus/build/utils.js:316:10)\n    at _callCircusTest (/Users/raviranjan/Documents/agents/testing-react-apps/node_modules/jest-circus/build/run.js:218:40)\n    at _runTest (/Users/raviranjan/Documents/agents/testing-react-apps/node_modules/jest-circus/build/run.js:155:3)\n    at _runTestsForDescribeBlock (/Users/raviranjan/Documents/agents/testing-react-apps/node_modules/jest-circus/build/run.js:66:9)\n    at _runTestsForDescribeBlock (/Users/raviranjan/Documents/agents/testing-react-apps/node_modules/jest-circus/build/run.js:60:9)\n    at run (/Users/raviranjan/Documents/agents/testing-react-apps/node_modules/jest-circus/build/run.js:25:3)\n    at runAndTransformResultsToJestFormat (/Users/raviranjan/Documents/agents/testing-react-apps/node_modules/jest-circus/build/legacy-code-todo-rewrite/jestAdapterInit.js:170:21)\n    at jestAdapter (/Users/raviranjan/Documents/agents/testing-react-apps/node_modules/jest-circus/build/legacy-code-todo-rewrite/jestAdapter.js:82:19)\n    at runTestInternal (/Users/raviranjan/Documents/agents/testing-react-apps/node_modules/jest-runner/build/runTest.js:389:16)\n    at runTest (/Users/raviranjan/Documents/agents/testing-react-apps/node_modules/jest-runner/build/runTest.js:475:34)\n    at TestRunner.runTests (/Users/raviranjan/Documents/agents/testing-react-apps/node_modules/jest-runner/build/index.js:101:12)\n    at TestScheduler.scheduleTests (/Users/raviranjan/Documents/agents/testing-react-apps/node_modules/@jest/core/build/TestScheduler.js:333:13)\n    at runJest (/Users/raviranjan/Documents/agents/testing-react-apps/node_modules/@jest/core/build/runJest.js:404:19)\n    at _run10000 (/Users/raviranjan/Documents/agents/testing-react-apps/node_modules/@jest/core/build/cli/index.js:320:7)\n    at runCLI (/Users/raviranjan/Documents/agents/testing-react-apps/node_modules/@jest/core/build/cli/index.js:173:3)\n    at Object.run (/Users/raviranjan/Documents/agents/testing-react-apps/node_modules/jest-cli/build/cli/index.js:155:37)"],"fullName":"App Component renders lazy-loaded component when pathname matches","location":null,"status":"failed","title":"renders lazy-loaded component when pathname matches"},{"ancestorTitles":["App Component"],"failureMessages":["Error: expect(received).toBe(expected) // Object.is equality\n\nExpected: \"App Component\"\nReceived: \"\"\n    at Object.<anonymous> (/Users/raviranjan/Documents/agents/testing-react-apps/src/test/test/index.baserock.test.baserock.test.js:70:30)\n    at Promise.then.completed (/Users/raviranjan/Documents/agents/testing-react-apps/node_modules/jest-circus/build/utils.js:391:28)\n    at new Promise (<anonymous>)\n    at callAsyncCircusFn (/Users/raviranjan/Documents/agents/testing-react-apps/node_modules/jest-circus/build/utils.js:316:10)\n    at _callCircusTest (/Users/raviranjan/Documents/agents/testing-react-apps/node_modules/jest-circus/build/run.js:218:40)\n    at _runTest (/Users/raviranjan/Documents/agents/testing-react-apps/node_modules/jest-circus/build/run.js:155:3)\n    at _runTestsForDescribeBlock (/Users/raviranjan/Documents/agents/testing-react-apps/node_modules/jest-circus/build/run.js:66:9)\n    at _runTestsForDescribeBlock (/Users/raviranjan/Documents/agents/testing-react-apps/node_modules/jest-circus/build/run.js:60:9)\n    at run (/Users/raviranjan/Documents/agents/testing-react-apps/node_modules/jest-circus/build/run.js:25:3)\n    at runAndTransformResultsToJestFormat (/Users/raviranjan/Documents/agents/testing-react-apps/node_modules/jest-circus/build/legacy-code-todo-rewrite/jestAdapterInit.js:170:21)\n    at jestAdapter (/Users/raviranjan/Documents/agents/testing-react-apps/node_modules/jest-circus/build/legacy-code-todo-rewrite/jestAdapter.js:82:19)\n    at runTestInternal (/Users/raviranjan/Documents/agents/testing-react-apps/node_modules/jest-runner/build/runTest.js:389:16)\n    at runTest (/Users/raviranjan/Documents/agents/testing-react-apps/node_modules/jest-runner/build/runTest.js:475:34)\n    at TestRunner.runTests (/Users/raviranjan/Documents/agents/testing-react-apps/node_modules/jest-runner/build/index.js:101:12)\n    at TestScheduler.scheduleTests (/Users/raviranjan/Documents/agents/testing-react-apps/node_modules/@jest/core/build/TestScheduler.js:333:13)\n    at runJest (/Users/raviranjan/Documents/agents/testing-react-apps/node_modules/@jest/core/build/runJest.js:404:19)\n    at _run10000 (/Users/raviranjan/Documents/agents/testing-react-apps/node_modules/@jest/core/build/cli/index.js:320:7)\n    at runCLI (/Users/raviranjan/Documents/agents/testing-react-apps/node_modules/@jest/core/build/cli/index.js:173:3)\n    at Object.run (/Users/raviranjan/Documents/agents/testing-react-apps/node_modules/jest-cli/build/cli/index.js:155:37)"],"fullName":"App Component renders ErrorBoundary when component fails to load","location":null,"status":"failed","title":"renders ErrorBoundary when component fails to load"},{"ancestorTitles":["App Component"],"failureMessages":[],"fullName":"App Component correctly generates lazyComponents object","location":null,"status":"passed","title":"correctly generates lazyComponents object"},{"ancestorTitles":["App Component"],"failureMessages":["Error: expect(received).toBe(expected) // Object.is equality\n\nExpected: \"Default Component\"\nReceived: \"\"\n    at Object.<anonymous> (/Users/raviranjan/Documents/agents/testing-react-apps/src/test/test/index.baserock.test.baserock.test.js:83:30)\n    at Promise.then.completed (/Users/raviranjan/Documents/agents/testing-react-apps/node_modules/jest-circus/build/utils.js:391:28)\n    at new Promise (<anonymous>)\n    at callAsyncCircusFn (/Users/raviranjan/Documents/agents/testing-react-apps/node_modules/jest-circus/build/utils.js:316:10)\n    at _callCircusTest (/Users/raviranjan/Documents/agents/testing-react-apps/node_modules/jest-circus/build/run.js:218:40)\n    at _runTest (/Users/raviranjan/Documents/agents/testing-react-apps/node_modules/jest-circus/build/run.js:155:3)\n    at _runTestsForDescribeBlock (/Users/raviranjan/Documents/agents/testing-react-apps/node_modules/jest-circus/build/run.js:66:9)\n    at _runTestsForDescribeBlock (/Users/raviranjan/Documents/agents/testing-react-apps/node_modules/jest-circus/build/run.js:60:9)\n    at run (/Users/raviranjan/Documents/agents/testing-react-apps/node_modules/jest-circus/build/run.js:25:3)\n    at runAndTransformResultsToJestFormat (/Users/raviranjan/Documents/agents/testing-react-apps/node_modules/jest-circus/build/legacy-code-todo-rewrite/jestAdapterInit.js:170:21)\n    at jestAdapter (/Users/raviranjan/Documents/agents/testing-react-apps/node_modules/jest-circus/build/legacy-code-todo-rewrite/jestAdapter.js:82:19)\n    at runTestInternal (/Users/raviranjan/Documents/agents/testing-react-apps/node_modules/jest-runner/build/runTest.js:389:16)\n    at runTest (/Users/raviranjan/Documents/agents/testing-react-apps/node_modules/jest-runner/build/runTest.js:475:34)\n    at TestRunner.runTests (/Users/raviranjan/Documents/agents/testing-react-apps/node_modules/jest-runner/build/index.js:101:12)\n    at TestScheduler.scheduleTests (/Users/raviranjan/Documents/agents/testing-react-apps/node_modules/@jest/core/build/TestScheduler.js:333:13)\n    at runJest (/Users/raviranjan/Documents/agents/testing-react-apps/node_modules/@jest/core/build/runJest.js:404:19)\n    at _run10000 (/Users/raviranjan/Documents/agents/testing-react-apps/node_modules/@jest/core/build/cli/index.js:320:7)\n    at runCLI (/Users/raviranjan/Documents/agents/testing-react-apps/node_modules/@jest/core/build/cli/index.js:173:3)\n    at Object.run (/Users/raviranjan/Documents/agents/testing-react-apps/node_modules/jest-cli/build/cli/index.js:155:37)"],"fullName":"App Component DefaultComponent renders","location":null,"status":"failed","title":"DefaultComponent renders"},{"ancestorTitles":["App Component"],"failureMessages":["Error: expect(received).toBe(expected) // Object.is equality\n\nExpected: \"App Component\"\nReceived: \"\"\n    at Object.<anonymous> (/Users/raviranjan/Documents/agents/testing-react-apps/src/test/test/index.baserock.test.baserock.test.js:90:30)\n    at Promise.then.completed (/Users/raviranjan/Documents/agents/testing-react-apps/node_modules/jest-circus/build/utils.js:391:28)\n    at new Promise (<anonymous>)\n    at callAsyncCircusFn (/Users/raviranjan/Documents/agents/testing-react-apps/node_modules/jest-circus/build/utils.js:316:10)\n    at _callCircusTest (/Users/raviranjan/Documents/agents/testing-react-apps/node_modules/jest-circus/build/run.js:218:40)\n    at _runTest (/Users/raviranjan/Documents/agents/testing-react-apps/node_modules/jest-circus/build/run.js:155:3)\n    at _runTestsForDescribeBlock (/Users/raviranjan/Documents/agents/testing-react-apps/node_modules/jest-circus/build/run.js:66:9)\n    at _runTestsForDescribeBlock (/Users/raviranjan/Documents/agents/testing-react-apps/node_modules/jest-circus/build/run.js:60:9)\n    at run (/Users/raviranjan/Documents/agents/testing-react-apps/node_modules/jest-circus/build/run.js:25:3)\n    at runAndTransformResultsToJestFormat (/Users/raviranjan/Documents/agents/testing-react-apps/node_modules/jest-circus/build/legacy-code-todo-rewrite/jestAdapterInit.js:170:21)\n    at jestAdapter (/Users/raviranjan/Documents/agents/testing-react-apps/node_modules/jest-circus/build/legacy-code-todo-rewrite/jestAdapter.js:82:19)\n    at runTestInternal (/Users/raviranjan/Documents/agents/testing-react-apps/node_modules/jest-runner/build/runTest.js:389:16)\n    at runTest (/Users/raviranjan/Documents/agents/testing-react-apps/node_modules/jest-runner/build/runTest.js:475:34)\n    at TestRunner.runTests (/Users/raviranjan/Documents/agents/testing-react-apps/node_modules/jest-runner/build/index.js:101:12)\n    at TestScheduler.scheduleTests (/Users/raviranjan/Documents/agents/testing-react-apps/node_modules/@jest/core/build/TestScheduler.js:333:13)\n    at runJest (/Users/raviranjan/Documents/agents/testing-react-apps/node_modules/@jest/core/build/runJest.js:404:19)\n    at _run10000 (/Users/raviranjan/Documents/agents/testing-react-apps/node_modules/@jest/core/build/cli/index.js:320:7)\n    at runCLI (/Users/raviranjan/Documents/agents/testing-react-apps/node_modules/@jest/core/build/cli/index.js:173:3)\n    at Object.run (/Users/raviranjan/Documents/agents/testing-react-apps/node_modules/jest-cli/build/cli/index.js:155:37)"],"fullName":"App Component App component renders","location":null,"status":"failed","title":"App component renders"}],"endTime":1733901486249,"message":"  ● App Component › renders DefaultComponent when pathname is \"/\"\n\n    expect(received).toBe(expected) // Object.is equality\n\n    Expected: \"App Component\"\n    Received: \"\"\n\n      52 |     const reactRoot = ReactDOM.createRoot(root);\n      53 |     reactRoot.render(React.createElement(App));\n    > 54 |     expect(root.textContent).toBe('App Component');\n         |                              ^\n      55 |   });\n      56 |\n      57 |   it('renders lazy-loaded component when pathname matches', () => {\n\n      at Object.<anonymous> (src/test/test/index.baserock.test.baserock.test.js:54:30)\n      at TestScheduler.scheduleTests (node_modules/@jest/core/build/TestScheduler.js:333:13)\n      at runJest (node_modules/@jest/core/build/runJest.js:404:19)\n      at _run10000 (node_modules/@jest/core/build/cli/index.js:320:7)\n      at runCLI (node_modules/@jest/core/build/cli/index.js:173:3)\n\n  ● App Component › renders lazy-loaded component when pathname matches\n\n    expect(received).toBe(expected) // Object.is equality\n\n    Expected: \"App Component\"\n    Received: \"\"\n\n      60 |     const reactRoot = ReactDOM.createRoot(root);\n      61 |     reactRoot.render(React.createElement(App));\n    > 62 |     expect(root.textContent).toBe('App Component');\n         |                              ^\n      63 |   });\n      64 |\n      65 |   it('renders ErrorBoundary when component fails to load', () => {\n\n      at Object.<anonymous> (src/test/test/index.baserock.test.baserock.test.js:62:30)\n      at TestScheduler.scheduleTests (node_modules/@jest/core/build/TestScheduler.js:333:13)\n      at runJest (node_modules/@jest/core/build/runJest.js:404:19)\n      at _run10000 (node_modules/@jest/core/build/cli/index.js:320:7)\n      at runCLI (node_modules/@jest/core/build/cli/index.js:173:3)\n\n  ● App Component › renders ErrorBoundary when component fails to load\n\n    expect(received).toBe(expected) // Object.is equality\n\n    Expected: \"App Component\"\n    Received: \"\"\n\n      68 |     const reactRoot = ReactDOM.createRoot(root);\n      69 |     reactRoot.render(React.createElement(App));\n    > 70 |     expect(root.textContent).toBe('App Component');\n         |                              ^\n      71 |   });\n      72 |\n      73 |   it('correctly generates lazyComponents object', () => {\n\n      at Object.<anonymous> (src/test/test/index.baserock.test.baserock.test.js:70:30)\n      at TestScheduler.scheduleTests (node_modules/@jest/core/build/TestScheduler.js:333:13)\n      at runJest (node_modules/@jest/core/build/runJest.js:404:19)\n      at _run10000 (node_modules/@jest/core/build/cli/index.js:320:7)\n      at runCLI (node_modules/@jest/core/build/cli/index.js:173:3)\n\n  ● App Component › DefaultComponent renders\n\n    expect(received).toBe(expected) // Object.is equality\n\n    Expected: \"Default Component\"\n    Received: \"\"\n\n      81 |     const reactRoot = ReactDOM.createRoot(root);\n      82 |     reactRoot.render(React.createElement(DefaultComponent));\n    > 83 |     expect(root.textContent).toBe('Default Component');\n         |                              ^\n      84 |   });\n      85 |\n      86 |   it('App component renders', () => {\n\n      at Object.<anonymous> (src/test/test/index.baserock.test.baserock.test.js:83:30)\n      at TestScheduler.scheduleTests (node_modules/@jest/core/build/TestScheduler.js:333:13)\n      at runJest (node_modules/@jest/core/build/runJest.js:404:19)\n      at _run10000 (node_modules/@jest/core/build/cli/index.js:320:7)\n      at runCLI (node_modules/@jest/core/build/cli/index.js:173:3)\n\n  ● App Component › App component renders\n\n    expect(received).toBe(expected) // Object.is equality\n\n    Expected: \"App Component\"\n    Received: \"\"\n\n      88 |     const reactRoot = ReactDOM.createRoot(root);\n      89 |     reactRoot.render(React.createElement(App));\n    > 90 |     expect(root.textContent).toBe('App Component');\n         |                              ^\n      91 |   });\n      92 | });\n\n      at Object.<anonymous> (src/test/test/index.baserock.test.baserock.test.js:90:30)\n      at TestScheduler.scheduleTests (node_modules/@jest/core/build/TestScheduler.js:333:13)\n      at runJest (node_modules/@jest/core/build/runJest.js:404:19)\n      at _run10000 (node_modules/@jest/core/build/cli/index.js:320:7)\n      at runCLI (node_modules/@jest/core/build/cli/index.js:173:3)\n","name":"/Users/raviranjan/Documents/agents/testing-react-apps/src/test/test/index.baserock.test.baserock.test.js","startTime":1733901486074,"status":"failed","summary":""}],"wasInterrupted":false,"coverageMap":{"/Users/raviranjan/Documents/agents/testing-react-apps/src/test/server.js":{"path":"/Users/raviranjan/Documents/agents/testing-react-apps/src/test/server.js","statementMap":{"0":{"start":{"line":5,"column":16},"end":{"line":5,"column":37}},"1":{"start":{"line":7,"column":15},"end":{"line":7,"column":39}},"2":{"start":{"line":9,"column":0},"end":{"line":14,"column":2}}},"fnMap":{},"branchMap":{},"s":{"0":0,"1":0,"2":0},"f":{},"b":{}},"/Users/raviranjan/Documents/agents/testing-react-apps/src/test/server-handlers.js":{"path":"/Users/raviranjan/Documents/agents/testing-react-apps/src/test/server-handlers.js","statementMap":{"0":{"start":{"line":3,"column":14},"end":{"line":3,"column":56}},"1":{"start":{"line":5,"column":17},"end":{"line":26,"column":1}},"2":{"start":{"line":9,"column":6},"end":{"line":15,"column":7}},"3":{"start":{"line":10,"column":8},"end":{"line":14,"column":9}},"4":{"start":{"line":16,"column":6},"end":{"line":22,"column":7}},"5":{"start":{"line":17,"column":8},"end":{"line":21,"column":9}},"6":{"start":{"line":23,"column":6},"end":{"line":23,"column":75}}},"fnMap":{"0":{"name":"(anonymous_0)","decl":{"start":{"line":8,"column":4},"end":{"line":8,"column":5}},"loc":{"start":{"line":8,"column":29},"end":{"line":24,"column":5}},"line":8}},"branchMap":{"0":{"loc":{"start":{"line":3,"column":14},"end":{"line":3,"column":56}},"type":"cond-expr","locations":[{"start":{"line":3,"column":48},"end":{"line":3,"column":49}},{"start":{"line":3,"column":52},"end":{"line":3,"column":56}}],"line":3},"1":{"loc":{"start":{"line":9,"column":6},"end":{"line":15,"column":7}},"type":"if","locations":[{"start":{"line":9,"column":6},"end":{"line":15,"column":7}},{"start":{},"end":{}}],"line":9},"2":{"loc":{"start":{"line":16,"column":6},"end":{"line":22,"column":7}},"type":"if","locations":[{"start":{"line":16,"column":6},"end":{"line":22,"column":7}},{"start":{},"end":{}}],"line":16}},"s":{"0":0,"1":0,"2":0,"3":0,"4":0,"5":0,"6":0},"f":{"0":0},"b":{"0":[0,0],"1":[0,0],"2":[0,0]}},"/Users/raviranjan/Documents/agents/testing-react-apps/src/test/test-utils.js":{"path":"/Users/raviranjan/Documents/agents/testing-react-apps/src/test/test-utils.js","statementMap":{"0":{"start":{"line":6,"column":18},"end":{"line":8,"column":3}},"1":{"start":{"line":7,"column":4},"end":{"line":7,"column":66}},"2":{"start":{"line":9,"column":2},"end":{"line":9,"column":54}}},"fnMap":{"0":{"name":"render","decl":{"start":{"line":5,"column":9},"end":{"line":5,"column":15}},"loc":{"start":{"line":5,"column":56},"end":{"line":10,"column":1}},"line":5},"1":{"name":"(anonymous_1)","decl":{"start":{"line":6,"column":18},"end":{"line":6,"column":19}},"loc":{"start":{"line":7,"column":4},"end":{"line":7,"column":66}},"line":7}},"branchMap":{"0":{"loc":{"start":{"line":5,"column":20},"end":{"line":5,"column":54}},"type":"default-arg","locations":[{"start":{"line":5,"column":52},"end":{"line":5,"column":54}}],"line":5},"1":{"loc":{"start":{"line":5,"column":21},"end":{"line":5,"column":36}},"type":"default-arg","locations":[{"start":{"line":5,"column":29},"end":{"line":5,"column":36}}],"line":5}},"s":{"0":0,"1":0,"2":0},"f":{"0":0,"1":0},"b":{"0":[0],"1":[0]}},"/Users/raviranjan/Documents/agents/testing-react-apps/src/components/counter.js":{"path":"/Users/raviranjan/Documents/agents/testing-react-apps/src/components/counter.js","statementMap":{"0":{"start":{"line":6,"column":28},"end":{"line":6,"column":45}},"1":{"start":{"line":7,"column":20},"end":{"line":7,"column":46}},"2":{"start":{"line":7,"column":26},"end":{"line":7,"column":46}},"3":{"start":{"line":7,"column":40},"end":{"line":7,"column":45}},"4":{"start":{"line":8,"column":20},"end":{"line":8,"column":46}},"5":{"start":{"line":8,"column":26},"end":{"line":8,"column":46}},"6":{"start":{"line":8,"column":40},"end":{"line":8,"column":45}},"7":{"start":{"line":9,"column":2},"end":{"line":15,"column":3}}},"fnMap":{"0":{"name":"Counter","decl":{"start":{"line":5,"column":9},"end":{"line":5,"column":16}},"loc":{"start":{"line":5,"column":19},"end":{"line":16,"column":1}},"line":5},"1":{"name":"(anonymous_1)","decl":{"start":{"line":7,"column":20},"end":{"line":7,"column":21}},"loc":{"start":{"line":7,"column":26},"end":{"line":7,"column":46}},"line":7},"2":{"name":"(anonymous_2)","decl":{"start":{"line":7,"column":35},"end":{"line":7,"column":36}},"loc":{"start":{"line":7,"column":40},"end":{"line":7,"column":45}},"line":7},"3":{"name":"(anonymous_3)","decl":{"start":{"line":8,"column":20},"end":{"line":8,"column":21}},"loc":{"start":{"line":8,"column":26},"end":{"line":8,"column":46}},"line":8},"4":{"name":"(anonymous_4)","decl":{"start":{"line":8,"column":35},"end":{"line":8,"column":36}},"loc":{"start":{"line":8,"column":40},"end":{"line":8,"column":45}},"line":8}},"branchMap":{},"s":{"0":0,"1":0,"2":0,"3":0,"4":0,"5":0,"6":0,"7":0},"f":{"0":0,"1":0,"2":0,"3":0,"4":0},"b":{}},"/Users/raviranjan/Documents/agents/testing-react-apps/src/index.js":{"path":"/Users/raviranjan/Documents/agents/testing-react-apps/src/index.js","statementMap":{"0":{"start":{"line":9,"column":26},"end":{"line":9,"column":63}},"1":{"start":{"line":10,"column":23},"end":{"line":10,"column":25}},"2":{"start":{"line":12,"column":0},"end":{"line":18,"column":1}},"3":{"start":{"line":13,"column":2},"end":{"line":17,"column":3}},"4":{"start":{"line":14,"column":4},"end":{"line":16,"column":49}},"5":{"start":{"line":21,"column":2},"end":{"line":34,"column":3}},"6":{"start":{"line":27,"column":12},"end":{"line":29,"column":17}},"7":{"start":{"line":38,"column":20},"end":{"line":44,"column":7}},"8":{"start":{"line":39,"column":4},"end":{"line":43,"column":5}},"9":{"start":{"line":40,"column":6},"end":{"line":40,"column":53}},"10":{"start":{"line":42,"column":6},"end":{"line":42,"column":29}},"11":{"start":{"line":45,"column":2},"end":{"line":64,"column":3}},"12":{"start":{"line":67,"column":0},"end":{"line":67,"column":54}}},"fnMap":{"0":{"name":"DefaultComponent","decl":{"start":{"line":20,"column":9},"end":{"line":20,"column":25}},"loc":{"start":{"line":20,"column":28},"end":{"line":35,"column":1}},"line":20},"1":{"name":"(anonymous_1)","decl":{"start":{"line":26,"column":43},"end":{"line":26,"column":44}},"loc":{"start":{"line":27,"column":12},"end":{"line":29,"column":17}},"line":27},"2":{"name":"App","decl":{"start":{"line":37,"column":9},"end":{"line":37,"column":12}},"loc":{"start":{"line":37,"column":15},"end":{"line":65,"column":1}},"line":37},"3":{"name":"(anonymous_3)","decl":{"start":{"line":38,"column":35},"end":{"line":38,"column":36}},"loc":{"start":{"line":38,"column":41},"end":{"line":44,"column":3}},"line":38}},"branchMap":{"0":{"loc":{"start":{"line":13,"column":2},"end":{"line":17,"column":3}},"type":"if","locations":[{"start":{"line":13,"column":2},"end":{"line":17,"column":3}},{"start":{},"end":{}}],"line":13},"1":{"loc":{"start":{"line":39,"column":4},"end":{"line":43,"column":5}},"type":"if","locations":[{"start":{"line":39,"column":4},"end":{"line":43,"column":5}},{"start":{"line":41,"column":11},"end":{"line":43,"column":5}}],"line":39}},"s":{"0":0,"1":0,"2":0,"3":0,"4":0,"5":0,"6":0,"7":0,"8":0,"9":0,"10":0,"11":0,"12":0},"f":{"0":0,"1":0,"2":0,"3":0},"b":{"0":[0,0],"1":[0,0]}},"/Users/raviranjan/Documents/agents/testing-react-apps/src/components/use-counter.js":{"path":"/Users/raviranjan/Documents/agents/testing-react-apps/src/components/use-counter.js","statementMap":{"0":{"start":{"line":6,"column":28},"end":{"line":6,"column":56}},"1":{"start":{"line":7,"column":20},"end":{"line":7,"column":49}},"2":{"start":{"line":7,"column":26},"end":{"line":7,"column":49}},"3":{"start":{"line":7,"column":40},"end":{"line":7,"column":48}},"4":{"start":{"line":8,"column":20},"end":{"line":8,"column":49}},"5":{"start":{"line":8,"column":26},"end":{"line":8,"column":49}},"6":{"start":{"line":8,"column":40},"end":{"line":8,"column":48}},"7":{"start":{"line":9,"column":2},"end":{"line":9,"column":38}}},"fnMap":{"0":{"name":"useCounter","decl":{"start":{"line":5,"column":9},"end":{"line":5,"column":19}},"loc":{"start":{"line":5,"column":55},"end":{"line":10,"column":1}},"line":5},"1":{"name":"(anonymous_1)","decl":{"start":{"line":7,"column":20},"end":{"line":7,"column":21}},"loc":{"start":{"line":7,"column":26},"end":{"line":7,"column":49}},"line":7},"2":{"name":"(anonymous_2)","decl":{"start":{"line":7,"column":35},"end":{"line":7,"column":36}},"loc":{"start":{"line":7,"column":40},"end":{"line":7,"column":48}},"line":7},"3":{"name":"(anonymous_3)","decl":{"start":{"line":8,"column":20},"end":{"line":8,"column":21}},"loc":{"start":{"line":8,"column":26},"end":{"line":8,"column":49}},"line":8},"4":{"name":"(anonymous_4)","decl":{"start":{"line":8,"column":35},"end":{"line":8,"column":36}},"loc":{"start":{"line":8,"column":40},"end":{"line":8,"column":48}},"line":8}},"branchMap":{"0":{"loc":{"start":{"line":5,"column":20},"end":{"line":5,"column":53}},"type":"default-arg","locations":[{"start":{"line":5,"column":51},"end":{"line":5,"column":53}}],"line":5},"1":{"loc":{"start":{"line":5,"column":21},"end":{"line":5,"column":37}},"type":"default-arg","locations":[{"start":{"line":5,"column":36},"end":{"line":5,"column":37}}],"line":5},"2":{"loc":{"start":{"line":5,"column":39},"end":{"line":5,"column":47}},"type":"default-arg","locations":[{"start":{"line":5,"column":46},"end":{"line":5,"column":47}}],"line":5}},"s":{"0":0,"1":0,"2":0,"3":0,"4":0,"5":0,"6":0,"7":0},"f":{"0":0,"1":0,"2":0,"3":0,"4":0},"b":{"0":[0],"1":[0],"2":[0]}},"/Users/raviranjan/Documents/agents/testing-react-apps/src/components/easy-button.js":{"path":"/Users/raviranjan/Documents/agents/testing-react-apps/src/components/easy-button.js","statementMap":{"0":{"start":{"line":7,"column":15},"end":{"line":16,"column":1}},"1":{"start":{"line":19,"column":18},"end":{"line":19,"column":28}},"2":{"start":{"line":20,"column":2},"end":{"line":20,"column":52}}},"fnMap":{"0":{"name":"EasyButton","decl":{"start":{"line":18,"column":9},"end":{"line":18,"column":19}},"loc":{"start":{"line":18,"column":27},"end":{"line":21,"column":1}},"line":18}},"branchMap":{},"s":{"0":0,"1":0,"2":0},"f":{"0":0},"b":{}},"/Users/raviranjan/Documents/agents/testing-react-apps/src/components/spinner.js":{"path":"/Users/raviranjan/Documents/agents/testing-react-apps/src/components/spinner.js","statementMap":{"0":{"start":{"line":6,"column":2},"end":{"line":11,"column":3}}},"fnMap":{"0":{"name":"Spinner","decl":{"start":{"line":5,"column":9},"end":{"line":5,"column":16}},"loc":{"start":{"line":5,"column":19},"end":{"line":12,"column":1}},"line":5}},"branchMap":{},"s":{"0":0},"f":{"0":0},"b":{}},"/Users/raviranjan/Documents/agents/testing-react-apps/src/examples/login-submission.js":{"path":"/Users/raviranjan/Documents/agents/testing-react-apps/src/examples/login-submission.js","statementMap":{},"fnMap":{},"branchMap":{},"s":{},"f":{},"b":{}},"/Users/raviranjan/Documents/agents/testing-react-apps/src/examples/login.js":{"path":"/Users/raviranjan/Documents/agents/testing-react-apps/src/examples/login.js","statementMap":{},"fnMap":{},"branchMap":{},"s":{},"f":{},"b":{}},"/Users/raviranjan/Documents/agents/testing-react-apps/src/examples/counter-hook.js":{"path":"/Users/raviranjan/Documents/agents/testing-react-apps/src/examples/counter-hook.js","statementMap":{"0":{"start":{"line":7,"column":40},"end":{"line":7,"column":52}},"1":{"start":{"line":8,"column":2},"end":{"line":14,"column":3}}},"fnMap":{"0":{"name":"Counter","decl":{"start":{"line":6,"column":9},"end":{"line":6,"column":16}},"loc":{"start":{"line":6,"column":19},"end":{"line":15,"column":1}},"line":6}},"branchMap":{},"s":{"0":0,"1":0},"f":{"0":0},"b":{}},"/Users/raviranjan/Documents/agents/testing-react-apps/src/examples/counter.js":{"path":"/Users/raviranjan/Documents/agents/testing-react-apps/src/examples/counter.js","statementMap":{},"fnMap":{},"branchMap":{},"s":{},"f":{},"b":{}},"/Users/raviranjan/Documents/agents/testing-react-apps/src/components/login-submission.js":{"path":"/Users/raviranjan/Documents/agents/testing-react-apps/src/components/login-submission.js","statementMap":{"0":{"start":{"line":14,"column":2},"end":{"line":34,"column":3}},"1":{"start":{"line":16,"column":6},"end":{"line":16,"column":72}},"2":{"start":{"line":19,"column":6},"end":{"line":23,"column":7}},"3":{"start":{"line":26,"column":6},"end":{"line":30,"column":7}},"4":{"start":{"line":33,"column":6},"end":{"line":33,"column":57}},"5":{"start":{"line":38,"column":28},"end":{"line":42,"column":4}},"6":{"start":{"line":44,"column":20},"end":{"line":44,"column":54}},"7":{"start":{"line":46,"column":2},"end":{"line":66,"column":27}},"8":{"start":{"line":47,"column":4},"end":{"line":65,"column":5}},"9":{"start":{"line":48,"column":6},"end":{"line":48,"column":31}},"10":{"start":{"line":49,"column":6},"end":{"line":64,"column":10}},"11":{"start":{"line":58,"column":23},"end":{"line":58,"column":44}},"12":{"start":{"line":59,"column":10},"end":{"line":63,"column":11}},"13":{"start":{"line":60,"column":12},"end":{"line":60,"column":59}},"14":{"start":{"line":62,"column":12},"end":{"line":62,"column":51}},"15":{"start":{"line":68,"column":2},"end":{"line":68,"column":14}},"16":{"start":{"line":72,"column":34},"end":{"line":72,"column":54}},"17":{"start":{"line":73,"column":47},"end":{"line":76,"column":4}},"18":{"start":{"line":78,"column":2},"end":{"line":96,"column":3}},"19":{"start":{"line":85,"column":33},"end":{"line":85,"column":50}}},"fnMap":{"0":{"name":"formSubmissionReducer","decl":{"start":{"line":13,"column":9},"end":{"line":13,"column":30}},"loc":{"start":{"line":13,"column":46},"end":{"line":35,"column":1}},"line":13},"1":{"name":"useFormSubmission","decl":{"start":{"line":37,"column":9},"end":{"line":37,"column":26}},"loc":{"start":{"line":37,"column":45},"end":{"line":69,"column":1}},"line":37},"2":{"name":"(anonymous_2)","decl":{"start":{"line":46,"column":18},"end":{"line":46,"column":19}},"loc":{"start":{"line":46,"column":24},"end":{"line":66,"column":3}},"line":46},"3":{"name":"(anonymous_3)","decl":{"start":{"line":57,"column":14},"end":{"line":57,"column":15}},"loc":{"start":{"line":57,"column":32},"end":{"line":64,"column":9}},"line":57},"4":{"name":"LoginSubmission","decl":{"start":{"line":71,"column":9},"end":{"line":71,"column":24}},"loc":{"start":{"line":71,"column":27},"end":{"line":97,"column":1}},"line":71},"5":{"name":"(anonymous_5)","decl":{"start":{"line":85,"column":25},"end":{"line":85,"column":26}},"loc":{"start":{"line":85,"column":33},"end":{"line":85,"column":50}},"line":85}},"branchMap":{"0":{"loc":{"start":{"line":14,"column":2},"end":{"line":34,"column":3}},"type":"switch","locations":[{"start":{"line":15,"column":4},"end":{"line":17,"column":5}},{"start":{"line":18,"column":4},"end":{"line":24,"column":5}},{"start":{"line":25,"column":4},"end":{"line":31,"column":5}},{"start":{"line":32,"column":4},"end":{"line":33,"column":57}}],"line":14},"1":{"loc":{"start":{"line":44,"column":20},"end":{"line":44,"column":54}},"type":"cond-expr","locations":[{"start":{"line":44,"column":27},"end":{"line":44,"column":47}},{"start":{"line":44,"column":50},"end":{"line":44,"column":54}}],"line":44},"2":{"loc":{"start":{"line":47,"column":4},"end":{"line":65,"column":5}},"type":"if","locations":[{"start":{"line":47,"column":4},"end":{"line":65,"column":5}},{"start":{},"end":{}}],"line":47},"3":{"loc":{"start":{"line":59,"column":10},"end":{"line":63,"column":11}},"type":"if","locations":[{"start":{"line":59,"column":10},"end":{"line":63,"column":11}},{"start":{"line":61,"column":17},"end":{"line":63,"column":11}}],"line":59},"4":{"loc":{"start":{"line":80,"column":7},"end":{"line":86,"column":7}},"type":"cond-expr","locations":[{"start":{"line":81,"column":8},"end":{"line":83,"column":14}},{"start":{"line":85,"column":8},"end":{"line":85,"column":54}}],"line":80},"5":{"loc":{"start":{"line":88,"column":9},"end":{"line":88,"column":50}},"type":"cond-expr","locations":[{"start":{"line":88,"column":32},"end":{"line":88,"column":43}},{"start":{"line":88,"column":46},"end":{"line":88,"column":50}}],"line":88},"6":{"loc":{"start":{"line":89,"column":9},"end":{"line":93,"column":16}},"type":"cond-expr","locations":[{"start":{"line":90,"column":10},"end":{"line":92,"column":16}},{"start":{"line":93,"column":12},"end":{"line":93,"column":16}}],"line":89}},"s":{"0":0,"1":0,"2":0,"3":0,"4":0,"5":0,"6":0,"7":0,"8":0,"9":0,"10":0,"11":0,"12":0,"13":0,"14":0,"15":0,"16":0,"17":0,"18":0,"19":0},"f":{"0":0,"1":0,"2":0,"3":0,"4":0,"5":0},"b":{"0":[0,0,0,0],"1":[0,0],"2":[0,0],"3":[0,0],"4":[0,0],"5":[0,0],"6":[0,0]}},"/Users/raviranjan/Documents/agents/testing-react-apps/src/components/theme.js":{"path":"/Users/raviranjan/Documents/agents/testing-react-apps/src/components/theme.js","statementMap":{"0":{"start":{"line":5,"column":21},"end":{"line":5,"column":42}},"1":{"start":{"line":8,"column":18},"end":{"line":8,"column":48}},"2":{"start":{"line":9,"column":2},"end":{"line":11,"column":3}},"3":{"start":{"line":10,"column":4},"end":{"line":10,"column":69}},"4":{"start":{"line":12,"column":2},"end":{"line":12,"column":16}},"5":{"start":{"line":16,"column":28},"end":{"line":16,"column":56}},"6":{"start":{"line":17,"column":2},"end":{"line":17,"column":71}}},"fnMap":{"0":{"name":"useTheme","decl":{"start":{"line":7,"column":9},"end":{"line":7,"column":17}},"loc":{"start":{"line":7,"column":20},"end":{"line":13,"column":1}},"line":7},"1":{"name":"ThemeProvider","decl":{"start":{"line":15,"column":9},"end":{"line":15,"column":22}},"loc":{"start":{"line":15,"column":59},"end":{"line":18,"column":1}},"line":15}},"branchMap":{"0":{"loc":{"start":{"line":9,"column":2},"end":{"line":11,"column":3}},"type":"if","locations":[{"start":{"line":9,"column":2},"end":{"line":11,"column":3}},{"start":{},"end":{}}],"line":9},"1":{"loc":{"start":{"line":15,"column":24},"end":{"line":15,"column":46}},"type":"default-arg","locations":[{"start":{"line":15,"column":39},"end":{"line":15,"column":46}}],"line":15}},"s":{"0":0,"1":0,"2":0,"3":0,"4":0,"5":0,"6":0},"f":{"0":0,"1":0},"b":{"0":[0,0],"1":[0]}},"/Users/raviranjan/Documents/agents/testing-react-apps/src/examples/easy-button.js":{"path":"/Users/raviranjan/Documents/agents/testing-react-apps/src/examples/easy-button.js","statementMap":{"0":{"start":{"line":8,"column":2},"end":{"line":16,"column":3}},"1":{"start":{"line":12,"column":33},"end":{"line":12,"column":55}},"2":{"start":{"line":20,"column":28},"end":{"line":20,"column":38}},"3":{"start":{"line":21,"column":2},"end":{"line":25,"column":3}},"4":{"start":{"line":22,"column":27},"end":{"line":22,"column":75}},"5":{"start":{"line":22,"column":42},"end":{"line":22,"column":73}}},"fnMap":{"0":{"name":"App","decl":{"start":{"line":7,"column":9},"end":{"line":7,"column":12}},"loc":{"start":{"line":7,"column":15},"end":{"line":17,"column":1}},"line":7},"1":{"name":"(anonymous_1)","decl":{"start":{"line":12,"column":27},"end":{"line":12,"column":28}},"loc":{"start":{"line":12,"column":33},"end":{"line":12,"column":55}},"line":12},"2":{"name":"ThemeToggler","decl":{"start":{"line":19,"column":9},"end":{"line":19,"column":21}},"loc":{"start":{"line":19,"column":24},"end":{"line":26,"column":1}},"line":19},"3":{"name":"(anonymous_3)","decl":{"start":{"line":22,"column":21},"end":{"line":22,"column":22}},"loc":{"start":{"line":22,"column":27},"end":{"line":22,"column":75}},"line":22},"4":{"name":"(anonymous_4)","decl":{"start":{"line":22,"column":36},"end":{"line":22,"column":37}},"loc":{"start":{"line":22,"column":42},"end":{"line":22,"column":73}},"line":22}},"branchMap":{"0":{"loc":{"start":{"line":22,"column":42},"end":{"line":22,"column":73}},"type":"cond-expr","locations":[{"start":{"line":22,"column":57},"end":{"line":22,"column":64}},{"start":{"line":22,"column":67},"end":{"line":22,"column":73}}],"line":22}},"s":{"0":0,"1":0,"2":0,"3":0,"4":0,"5":0},"f":{"0":0,"1":0,"2":0,"3":0,"4":0},"b":{"0":[0,0]}},"/Users/raviranjan/Documents/agents/testing-react-apps/src/components/login.js":{"path":"/Users/raviranjan/Documents/agents/testing-react-apps/src/components/login.js","statementMap":{"0":{"start":{"line":9,"column":4},"end":{"line":9,"column":26}},"1":{"start":{"line":10,"column":33},"end":{"line":10,"column":54}},"2":{"start":{"line":12,"column":4},"end":{"line":15,"column":6}},"3":{"start":{"line":17,"column":2},"end":{"line":31,"column":3}}},"fnMap":{"0":{"name":"Login","decl":{"start":{"line":7,"column":9},"end":{"line":7,"column":14}},"loc":{"start":{"line":7,"column":27},"end":{"line":32,"column":1}},"line":7},"1":{"name":"handleSubmit","decl":{"start":{"line":8,"column":11},"end":{"line":8,"column":23}},"loc":{"start":{"line":8,"column":31},"end":{"line":16,"column":3}},"line":8}},"branchMap":{},"s":{"0":0,"1":0,"2":0,"3":0},"f":{"0":0,"1":0},"b":{}},"/Users/raviranjan/Documents/agents/testing-react-apps/src/examples/location.js":{"path":"/Users/raviranjan/Documents/agents/testing-react-apps/src/examples/location.js","statementMap":{"0":{"start":{"line":6,"column":28},"end":{"line":6,"column":48}},"1":{"start":{"line":8,"column":2},"end":{"line":10,"column":3}},"2":{"start":{"line":9,"column":4},"end":{"line":9,"column":22}},"3":{"start":{"line":12,"column":2},"end":{"line":18,"column":3}},"4":{"start":{"line":13,"column":4},"end":{"line":17,"column":5}},"5":{"start":{"line":20,"column":2},"end":{"line":25,"column":3}}},"fnMap":{"0":{"name":"Location","decl":{"start":{"line":5,"column":9},"end":{"line":5,"column":17}},"loc":{"start":{"line":5,"column":20},"end":{"line":26,"column":1}},"line":5}},"branchMap":{"0":{"loc":{"start":{"line":8,"column":2},"end":{"line":10,"column":3}},"type":"if","locations":[{"start":{"line":8,"column":2},"end":{"line":10,"column":3}},{"start":{},"end":{}}],"line":8},"1":{"loc":{"start":{"line":8,"column":6},"end":{"line":8,"column":25}},"type":"binary-expr","locations":[{"start":{"line":8,"column":6},"end":{"line":8,"column":15}},{"start":{"line":8,"column":19},"end":{"line":8,"column":25}}],"line":8},"2":{"loc":{"start":{"line":12,"column":2},"end":{"line":18,"column":3}},"type":"if","locations":[{"start":{"line":12,"column":2},"end":{"line":18,"column":3}},{"start":{},"end":{}}],"line":12}},"s":{"0":0,"1":0,"2":0,"3":0,"4":0,"5":0},"f":{"0":0},"b":{"0":[0,0],"1":[0,0],"2":[0,0]}}}}